[2026-01-03T13:09:31.279+0000] {local_task_job_runner.py:120} INFO - ::group::Pre task execution logs
[2026-01-03T13:09:31.327+0000] {taskinstance.py:2076} INFO - Dependencies all met for dep_context=non-requeueable deps ti=<TaskInstance: CustomerDataLoadBigQuery.bigquery_connect_task manual__2026-01-03T13:09:25.117858+00:00 [queued]>
[2026-01-03T13:09:31.347+0000] {taskinstance.py:2076} INFO - Dependencies all met for dep_context=requeueable deps ti=<TaskInstance: CustomerDataLoadBigQuery.bigquery_connect_task manual__2026-01-03T13:09:25.117858+00:00 [queued]>
[2026-01-03T13:09:31.348+0000] {taskinstance.py:2306} INFO - Starting attempt 1 of 1
[2026-01-03T13:09:31.410+0000] {taskinstance.py:2330} INFO - Executing <Task(PythonOperator): bigquery_connect_task> on 2026-01-03 13:09:25.117858+00:00
[2026-01-03T13:09:31.416+0000] {standard_task_runner.py:63} INFO - Started process 2947 to run task
[2026-01-03T13:09:31.422+0000] {standard_task_runner.py:90} INFO - Running: ['airflow', 'tasks', 'run', 'CustomerDataLoadBigQuery', 'bigquery_connect_task', 'manual__2026-01-03T13:09:25.117858+00:00', '--job-id', '74', '--raw', '--subdir', 'DAGS_FOLDER/CustomerDataLoad_BigQuery.py', '--cfg-path', '/tmp/tmpskif1he9']
[2026-01-03T13:09:31.425+0000] {standard_task_runner.py:91} INFO - Job 74: Subtask bigquery_connect_task
[2026-01-03T13:09:31.533+0000] {task_command.py:426} INFO - Running <TaskInstance: CustomerDataLoadBigQuery.bigquery_connect_task manual__2026-01-03T13:09:25.117858+00:00 [running]> on host 2606720bf4f4
[2026-01-03T13:09:31.725+0000] {taskinstance.py:2648} INFO - Exporting env vars: AIRFLOW_CTX_DAG_OWNER='airflow' AIRFLOW_CTX_DAG_ID='CustomerDataLoadBigQuery' AIRFLOW_CTX_TASK_ID='bigquery_connect_task' AIRFLOW_CTX_EXECUTION_DATE='2026-01-03T13:09:25.117858+00:00' AIRFLOW_CTX_TRY_NUMBER='1' AIRFLOW_CTX_DAG_RUN_ID='manual__2026-01-03T13:09:25.117858+00:00'
[2026-01-03T13:09:31.727+0000] {taskinstance.py:430} INFO - ::endgroup::
[2026-01-03T13:09:31.742+0000] {_metadata.py:139} WARNING - Compute Engine Metadata server unavailable on attempt 1 of 3. Reason: [Errno 111] Connection refused
[2026-01-03T13:09:31.745+0000] {_metadata.py:139} WARNING - Compute Engine Metadata server unavailable on attempt 2 of 3. Reason: [Errno 111] Connection refused
[2026-01-03T13:09:31.748+0000] {_metadata.py:139} WARNING - Compute Engine Metadata server unavailable on attempt 3 of 3. Reason: [Errno 111] Connection refused
[2026-01-03T13:09:31.748+0000] {_default.py:338} WARNING - Authentication failed using Compute Engine authentication due to unavailable metadata server.
[2026-01-03T13:09:31.749+0000] {taskinstance.py:441} INFO - ::group::Post task execution logs
[2026-01-03T13:09:31.750+0000] {taskinstance.py:2905} ERROR - Task failed with exception
Traceback (most recent call last):
  File "/opt/airflow/dags/CustomerDataLoad_BigQuery.py", line 15, in getBigQueryConnection
    client = bigquery.Client(PROJECT_ID)
  File "/home/airflow/.local/lib/python3.10/site-packages/google/cloud/bigquery/client.py", line 241, in __init__
    super(Client, self).__init__(
  File "/home/airflow/.local/lib/python3.10/site-packages/google/cloud/client/__init__.py", line 321, in __init__
    Client.__init__(
  File "/home/airflow/.local/lib/python3.10/site-packages/google/cloud/client/__init__.py", line 178, in __init__
    credentials, _ = google.auth.default(scopes=scopes)
  File "/home/airflow/.local/lib/python3.10/site-packages/google/auth/_default.py", line 691, in default
    raise exceptions.DefaultCredentialsError(_CLOUD_SDK_MISSING_CREDENTIALS)
google.auth.exceptions.DefaultCredentialsError: Your default credentials were not found. To set up Application Default Credentials, see https://cloud.google.com/docs/authentication/external/set-up-adc for more information.

During handling of the above exception, another exception occurred:

Traceback (most recent call last):
  File "/home/airflow/.local/lib/python3.10/site-packages/airflow/models/taskinstance.py", line 465, in _execute_task
    result = _execute_callable(context=context, **execute_callable_kwargs)
  File "/home/airflow/.local/lib/python3.10/site-packages/airflow/models/taskinstance.py", line 432, in _execute_callable
    return execute_callable(context=context, **execute_callable_kwargs)
  File "/home/airflow/.local/lib/python3.10/site-packages/airflow/models/baseoperator.py", line 400, in wrapper
    return func(self, *args, **kwargs)
  File "/home/airflow/.local/lib/python3.10/site-packages/airflow/operators/python.py", line 235, in execute
    return_value = self.execute_callable()
  File "/home/airflow/.local/lib/python3.10/site-packages/airflow/operators/python.py", line 252, in execute_callable
    return self.python_callable(*self.op_args, **self.op_kwargs)
  File "/opt/airflow/dags/CustomerDataLoad_BigQuery.py", line 18, in getBigQueryConnection
    e.with_traceback()
TypeError: BaseException.with_traceback() takes exactly one argument (0 given)
[2026-01-03T13:09:31.769+0000] {taskinstance.py:1206} INFO - Marking task as FAILED. dag_id=CustomerDataLoadBigQuery, task_id=bigquery_connect_task, run_id=manual__2026-01-03T13:09:25.117858+00:00, execution_date=20260103T130925, start_date=20260103T130931, end_date=20260103T130931
[2026-01-03T13:09:31.803+0000] {standard_task_runner.py:110} ERROR - Failed to execute job 74 for task bigquery_connect_task (BaseException.with_traceback() takes exactly one argument (0 given); 2947)
[2026-01-03T13:09:31.836+0000] {local_task_job_runner.py:240} INFO - Task exited with return code 1
[2026-01-03T13:09:31.872+0000] {taskinstance.py:3498} INFO - 0 downstream tasks scheduled from follow-on schedule check
[2026-01-03T13:09:31.900+0000] {local_task_job_runner.py:222} INFO - ::endgroup::
