[2026-01-03T14:05:14.941+0000] {local_task_job_runner.py:120} INFO - ::group::Pre task execution logs
[2026-01-03T14:05:14.991+0000] {taskinstance.py:2076} INFO - Dependencies all met for dep_context=non-requeueable deps ti=<TaskInstance: CustomerDataLoadBigQuery.create_bucket_task scheduled__2026-01-03T13:05:00+00:00 [queued]>
[2026-01-03T14:05:15.012+0000] {taskinstance.py:2076} INFO - Dependencies all met for dep_context=requeueable deps ti=<TaskInstance: CustomerDataLoadBigQuery.create_bucket_task scheduled__2026-01-03T13:05:00+00:00 [queued]>
[2026-01-03T14:05:15.013+0000] {taskinstance.py:2306} INFO - Starting attempt 1 of 1
[2026-01-03T14:05:15.079+0000] {taskinstance.py:2330} INFO - Executing <Task(BashOperator): create_bucket_task> on 2026-01-03 13:05:00+00:00
[2026-01-03T14:05:15.086+0000] {standard_task_runner.py:63} INFO - Started process 3402 to run task
[2026-01-03T14:05:15.091+0000] {standard_task_runner.py:90} INFO - Running: ['airflow', 'tasks', 'run', 'CustomerDataLoadBigQuery', 'create_bucket_task', 'scheduled__2026-01-03T13:05:00+00:00', '--job-id', '76', '--raw', '--subdir', 'DAGS_FOLDER/CustomerDataLoad_BigQuery.py', '--cfg-path', '/tmp/tmphmfaprf_']
[2026-01-03T14:05:15.094+0000] {standard_task_runner.py:91} INFO - Job 76: Subtask create_bucket_task
[2026-01-03T14:05:15.240+0000] {task_command.py:426} INFO - Running <TaskInstance: CustomerDataLoadBigQuery.create_bucket_task scheduled__2026-01-03T13:05:00+00:00 [running]> on host 2606720bf4f4
[2026-01-03T14:05:15.447+0000] {taskinstance.py:2648} INFO - Exporting env vars: AIRFLOW_CTX_DAG_OWNER='airflow' AIRFLOW_CTX_DAG_ID='CustomerDataLoadBigQuery' AIRFLOW_CTX_TASK_ID='create_bucket_task' AIRFLOW_CTX_EXECUTION_DATE='2026-01-03T13:05:00+00:00' AIRFLOW_CTX_TRY_NUMBER='1' AIRFLOW_CTX_DAG_RUN_ID='scheduled__2026-01-03T13:05:00+00:00'
[2026-01-03T14:05:15.448+0000] {taskinstance.py:430} INFO - ::endgroup::
[2026-01-03T14:05:15.463+0000] {subprocess.py:63} INFO - Tmp dir root location: /tmp
[2026-01-03T14:05:15.465+0000] {subprocess.py:75} INFO - Running command: ['/usr/bin/bash', '-c', 'gsutil mb gs://airflow/source']
[2026-01-03T14:05:15.477+0000] {subprocess.py:86} INFO - Output:
[2026-01-03T14:05:15.505+0000] {subprocess.py:93} INFO - /usr/bin/bash: line 1: gsutil: command not found
[2026-01-03T14:05:15.506+0000] {subprocess.py:97} INFO - Command exited with return code 127
[2026-01-03T14:05:15.507+0000] {taskinstance.py:441} INFO - ::group::Post task execution logs
[2026-01-03T14:05:15.530+0000] {taskinstance.py:2905} ERROR - Task failed with exception
Traceback (most recent call last):
  File "/home/airflow/.local/lib/python3.10/site-packages/airflow/models/taskinstance.py", line 465, in _execute_task
    result = _execute_callable(context=context, **execute_callable_kwargs)
  File "/home/airflow/.local/lib/python3.10/site-packages/airflow/models/taskinstance.py", line 432, in _execute_callable
    return execute_callable(context=context, **execute_callable_kwargs)
  File "/home/airflow/.local/lib/python3.10/site-packages/airflow/models/baseoperator.py", line 400, in wrapper
    return func(self, *args, **kwargs)
  File "/home/airflow/.local/lib/python3.10/site-packages/airflow/operators/bash.py", line 243, in execute
    raise AirflowException(
airflow.exceptions.AirflowException: Bash command failed. The command returned a non-zero exit code 127.
[2026-01-03T14:05:15.539+0000] {taskinstance.py:1206} INFO - Marking task as FAILED. dag_id=CustomerDataLoadBigQuery, task_id=create_bucket_task, run_id=scheduled__2026-01-03T13:05:00+00:00, execution_date=20260103T130500, start_date=20260103T140514, end_date=20260103T140515
[2026-01-03T14:05:15.592+0000] {standard_task_runner.py:110} ERROR - Failed to execute job 76 for task create_bucket_task (Bash command failed. The command returned a non-zero exit code 127.; 3402)
[2026-01-03T14:05:15.626+0000] {local_task_job_runner.py:240} INFO - Task exited with return code 1
[2026-01-03T14:05:15.670+0000] {taskinstance.py:3498} INFO - 0 downstream tasks scheduled from follow-on schedule check
[2026-01-03T14:05:15.708+0000] {local_task_job_runner.py:222} INFO - ::endgroup::
